  GameObjects.cpp
  Player.cpp
d:\c++ projects\practice\simple\project1\src\gameobjects\player.cpp(65): warning C4244: 'argument': conversion from 'float' to 'int', possible loss of data
d:\c++ projects\practice\simple\project1\src\gameobjects\player.cpp(92): warning C4244: 'initializing': conversion from 'Uint32' to 'float', possible loss of data
d:\c++ projects\practice\simple\project1\src\gameobjects\player.cpp(103): warning C4244: 'argument': conversion from 'float' to 'int', possible loss of data
d:\c++ projects\practice\simple\project1\src\gameobjects\player.cpp(109): warning C4244: 'argument': conversion from 'float' to 'int', possible loss of data
d:\c++ projects\practice\simple\project1\src\gameobjects\player.cpp(119): warning C4244: 'argument': conversion from 'float' to 'int', possible loss of data
d:\c++ projects\practice\simple\project1\src\gameobjects\player.cpp(118): warning C4244: 'argument': conversion from 'float' to 'int', possible loss of data
d:\c++ projects\practice\simple\project1\src\gameobjects\player.cpp(122): warning C4244: 'argument': conversion from 'float' to 'int', possible loss of data
d:\c++ projects\practice\simple\project1\src\gameobjects\player.cpp(121): warning C4244: 'argument': conversion from 'float' to 'int', possible loss of data
d:\c++ projects\practice\simple\project1\src\gameobjects\player.cpp(131): warning C4244: 'argument': conversion from 'float' to 'int', possible loss of data
d:\c++ projects\practice\simple\project1\src\gameobjects\player.cpp(130): warning C4244: 'argument': conversion from 'float' to 'int', possible loss of data
d:\c++ projects\practice\simple\project1\src\gameobjects\player.cpp(133): warning C4244: 'argument': conversion from 'float' to 'int', possible loss of data
d:\c++ projects\practice\simple\project1\src\gameobjects\player.cpp(132): warning C4244: 'argument': conversion from 'float' to 'int', possible loss of data
d:\c++ projects\practice\simple\project1\src\gameobjects\player.cpp(140): warning C4244: 'argument': conversion from 'float' to 'int', possible loss of data
d:\c++ projects\practice\simple\project1\src\gameobjects\player.cpp(142): warning C4244: 'argument': conversion from 'float' to 'int', possible loss of data
d:\c++ projects\practice\simple\project1\src\gameobjects\player.cpp(141): warning C4244: 'argument': conversion from 'float' to 'int', possible loss of data
d:\c++ projects\practice\simple\project1\src\gameobjects\player.cpp(149): warning C4244: 'argument': conversion from 'float' to 'int', possible loss of data
d:\c++ projects\practice\simple\project1\src\gameobjects\player.cpp(151): warning C4244: 'argument': conversion from 'float' to 'int', possible loss of data
d:\c++ projects\practice\simple\project1\src\gameobjects\player.cpp(150): warning C4244: 'argument': conversion from 'float' to 'int', possible loss of data
d:\c++ projects\practice\simple\project1\src\gameobjects\player.cpp(159): warning C4244: 'argument': conversion from 'float' to 'int', possible loss of data
d:\c++ projects\practice\simple\project1\src\gameobjects\player.cpp(161): warning C4244: 'argument': conversion from 'float' to 'int', possible loss of data
d:\c++ projects\practice\simple\project1\src\gameobjects\player.cpp(160): warning C4244: 'argument': conversion from 'float' to 'int', possible loss of data
  Generating Code...
d:\c++ projects\practice\simple\project1\src\gameobjects\player.cpp(169): warning C4715: 'Player::Collision': not all control paths return a value
  Project1.vcxproj -> D:\c++ projects\practice\simple\x64\Debug\Project1.exe
